<?xml version="1.0" encoding="UTF-8"?>
<!-- Generated by org.testng.reporters.JUnitReportReporter -->
<testsuite hostname="DTDL131" failures="0" tests="1" name="TestRunner" time="0.576" errors="0" timestamp="06 Apr 2022 13:56:35 GMT" skipped="0">
  <testcase classname="TestRunner" name="runScenario" time="0.576"/>
</testsuite> <!-- TestRunner -->
