<?xml version="1.0" encoding="UTF-8"?>
<!-- Generated by org.testng.reporters.JUnitReportReporter -->
<testsuite hostname="DTDL131" failures="0" tests="1" name="TestRunner" time="0.626" errors="0" timestamp="11 Apr 2022 08:39:55 GMT" skipped="0">
  <testcase classname="TestRunner" name="runScenario" time="0.626"/>
</testsuite> <!-- TestRunner -->
